Calculator/build/intermediates/manifest_merge_blame_file/debug/manifest-merger-blame-debug-report.txt
1<?xml version="1.0" encoding="utf-8"?>
2<manifest xmlns:android="http://schemas.android.com/apk/res/android"
3    package="cgpakoto.com.cgpa"
4    android:versionCode="11"
5    android:versionName="2.1" >
6
7    <uses-sdk
8        android:minSdkVersion="16"
8-->src/main/AndroidManifest.xml
9        android:targetSdkVersion="29" />
9-->src/main/AndroidManifest.xml
10
11    <uses-permission android:name="android.permission.INTERNET" />
11-->src/main/AndroidManifest.xml:5:5-67
11-->src/main/AndroidManifest.xml:5:22-64
12
13    <application
13-->src/main/AndroidManifest.xml:7:5-27:19
14        android:allowBackup="true"
14-->src/main/AndroidManifest.xml:8:9-35
15        android:icon="@mipmap/ic_launcher"
15-->src/main/AndroidManifest.xml:9:9-43
16        android:label="@string/app_name"
16-->src/main/AndroidManifest.xml:10:9-41
17        android:roundIcon="@mipmap/ic_launcher_round"
17-->src/main/AndroidManifest.xml:11:9-54
18        android:supportsRtl="true" >
18-->src/main/AndroidManifest.xml:12:9-35
19        <activity android:name="cgpakoto.com.cgpa.Activities.Home" >
19-->src/main/AndroidManifest.xml:13:9-16:20
19-->src/main/AndroidManifest.xml:13:19-50
20        </activity>
21
22        <meta-data
22-->src/main/AndroidManifest.xml:18:9-20:70
23            android:name="com.google.android.gms.ads.APPLICATION_ID"
23-->src/main/AndroidManifest.xml:19:13-69
24            android:value="ca-app-pub-4990484397475320~9389677540" />
24-->src/main/AndroidManifest.xml:20:13-67
25
26        <activity
26-->src/main/AndroidManifest.xml:22:9-26:20
27            android:name="cgpakoto.com.cgpa.Activities.Calculator"
27-->src/main/AndroidManifest.xml:23:13-50
28            android:label="@string/app_name" >
28-->src/main/AndroidManifest.xml:24:13-45
29        </activity>
30    </application>
31
32</manifest>